[debug] [2024-09-03T17:27:59.249Z] ----------------------------------------------------------------------
[debug] [2024-09-03T17:27:59.253Z] Command:       C:\Program Files\nodejs\node.exe C:\Users\glt\AppData\Roaming\npm\node_modules\firebase-tools\lib\bin\firebase.js init
[debug] [2024-09-03T17:27:59.254Z] CLI Version:   13.16.0
[debug] [2024-09-03T17:27:59.254Z] Platform:      win32
[debug] [2024-09-03T17:27:59.255Z] Node Version:  v20.17.0
[debug] [2024-09-03T17:27:59.255Z] Time:          Tue Sep 03 2024 10:27:59 GMT-0700 (Pacific Daylight Time)
[debug] [2024-09-03T17:27:59.255Z] ----------------------------------------------------------------------
[debug] 
[debug] [2024-09-03T17:27:59.268Z] > command requires scopes: ["email","openid","https://www.googleapis.com/auth/cloudplatformprojects.readonly","https://www.googleapis.com/auth/firebase","https://www.googleapis.com/auth/cloud-platform"]
[debug] [2024-09-03T17:27:59.269Z] > authorizing via signed-in user (xdsheikh776@gmail.com)
[info] 
     ######## #### ########  ######## ########     ###     ######  ########
     ##        ##  ##     ## ##       ##     ##  ##   ##  ##       ##
     ######    ##  ########  ######   ########  #########  ######  ######
     ##        ##  ##    ##  ##       ##     ## ##     ##       ## ##
     ##       #### ##     ## ######## ########  ##     ##  ######  ########

You're about to initialize a Firebase project in this directory:

  C:\Users\glt\Desktop\Siumrgh.com

[info] 
=== Project Setup
[info] 
[info] First, let's associate this project directory with a Firebase project.
[info] You can create multiple project aliases by running firebase use --add, 
[info] but for now we'll just set up a default project.
[info] 
[debug] [2024-09-03T17:29:07.065Z] >>> [apiv2][query] GET https://firebase.googleapis.com/v1beta1/projects pageSize=100
[debug] [2024-09-03T17:29:08.065Z] <<< [apiv2][status] GET https://firebase.googleapis.com/v1beta1/projects 200
[debug] [2024-09-03T17:29:08.066Z] <<< [apiv2][body] GET https://firebase.googleapis.com/v1beta1/projects [omitted]
[info] i  Using project simurgh-75c4e ( Simurgh) 
[info] 
=== Hosting Setup
[debug] [2024-09-03T17:29:15.145Z] >>> [apiv2][query] GET https://firebase.googleapis.com/v1beta1/projects/simurgh-75c4e [none]
[debug] [2024-09-03T17:29:15.747Z] <<< [apiv2][status] GET https://firebase.googleapis.com/v1beta1/projects/simurgh-75c4e 200
[debug] [2024-09-03T17:29:15.747Z] <<< [apiv2][body] GET https://firebase.googleapis.com/v1beta1/projects/simurgh-75c4e {"projectId":"simurgh-75c4e","projectNumber":"622708663283","displayName":" Simurgh","name":"projects/simurgh-75c4e","resources":{"hostingSite":"simurgh-75c4e","realtimeDatabaseInstance":"simurgh-75c4e-default-rtdb","storageBucket":"simurgh-75c4e.appspot.com","locationId":"us-central"},"state":"ACTIVE","etag":"1_b71f7ed8-2dad-4b26-94e4-98395b7f2aa7"}
[info] 
[info] Your public directory is the folder (relative to your project directory) that
[info] will contain Hosting assets to be uploaded with firebase deploy. If you
[info] have a build process for your assets, use your build's output directory.
[info] 
[debug] [2024-09-03T17:29:32.102Z] >>> [apiv2][query] GET https://www.gstatic.com/firebasejs/releases.json [none]
[debug] [2024-09-03T17:29:32.346Z] <<< [apiv2][status] GET https://www.gstatic.com/firebasejs/releases.json 200
[debug] [2024-09-03T17:29:32.347Z] <<< [apiv2][body] GET https://www.gstatic.com/firebasejs/releases.json {"current":{"version":"10.13.1","browserURL":"https://www.gstatic.com/firebasejs/10.13.1/firebase.js","packageURL":"https://www.gstatic.com/firebasejs/10.13.1/firebase.tgz"},"live":{"version":"10.13","browserURL":"https://www.gstatic.com/firebasejs/live/10.13/firebase.js","packageURL":"https://www.gstatic.com/firebasejs/live/10.13/firebase.tgz"},"components":{"analytics":"https://www.gstatic.com/firebasejs/10.13.1/firebase-analytics.js","app":"https://www.gstatic.com/firebasejs/10.13.1/firebase-app.js","app-check":"https://www.gstatic.com/firebasejs/10.13.1/firebase-app-check.js","auth":"https://www.gstatic.com/firebasejs/10.13.1/firebase-auth.js","auth/cordova":"https://www.gstatic.com/firebasejs/10.13.1/firebase-auth/cordova.js","auth/web-extension":"https://www.gstatic.com/firebasejs/10.13.1/firebase-auth/web-extension.js","functions":"https://www.gstatic.com/firebasejs/10.13.1/firebase-functions.js","firestore":"https://www.gstatic.com/firebasejs/10.13.1/firebase-firestore.js","firestore/lite":"https://www.gstatic.com/firebasejs/10.13.1/firebase-firestore/lite.js","installations":"https://www.gstatic.com/firebasejs/10.13.1/firebase-installations.js","storage":"https://www.gstatic.com/firebasejs/10.13.1/firebase-storage.js","performance":"https://www.gstatic.com/firebasejs/10.13.1/firebase-performance.js","remote-config":"https://www.gstatic.com/firebasejs/10.13.1/firebase-remote-config.js","messaging":"https://www.gstatic.com/firebasejs/10.13.1/firebase-messaging.js","messaging/sw":"https://www.gstatic.com/firebasejs/10.13.1/firebase-messaging/sw.js","database":"https://www.gstatic.com/firebasejs/10.13.1/firebase-database.js","vertexai-preview":"https://www.gstatic.com/firebasejs/10.13.1/firebase-vertexai-preview.js","firestore.memory":"https://www.gstatic.com/firebasejs/10.13.1/firebase-firestore.memory.js"}}
[info] +  Wrote public/index.html 
[info] 
[info] i  Didn't detect a .git folder. Assuming C:\Users\glt\Desktop\Siumrgh.com is the project root. 
[info] i  Authorizing with GitHub to upload your service account to a GitHub repository's secrets store. 
[info] 
[info] Visit this URL on this device to log in:
[info] https://github.com/login/oauth/authorize?client_id=89cf50f02ac6aaed3484&state=248699170&redirect_uri=http%3A%2F%2Flocalhost%3A9005&scope=read%3Auser%20repo%20public_repo
[info] 
[info] Waiting for authentication...
[debug] [2024-09-03T17:29:48.672Z] >>> [apiv2][query] POST https://github.com/login/oauth/access_token [none]
[debug] [2024-09-03T17:29:48.672Z] >>> [apiv2][body] POST https://github.com/login/oauth/access_token [stream]
[debug] [2024-09-03T17:29:49.327Z] <<< [apiv2][status] POST https://github.com/login/oauth/access_token 200
[debug] [2024-09-03T17:29:49.328Z] <<< [apiv2][body] POST https://github.com/login/oauth/access_token {"access_token":"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","token_type":"bearer","scope":"read:user,repo"}
[debug] [2024-09-03T17:29:49.338Z] >>> [apiv2][query] GET https://api.github.com/user [none]
[debug] [2024-09-03T17:29:50.032Z] <<< [apiv2][status] GET https://api.github.com/user 200
[debug] [2024-09-03T17:29:50.033Z] <<< [apiv2][body] GET https://api.github.com/user {"login":"saddamsheikh01","id":163671191,"node_id":"U_kgDOCcFslw","avatar_url":"https://avatars.githubusercontent.com/u/163671191?v=4","gravatar_id":"","url":"https://api.github.com/users/saddamsheikh01","html_url":"https://github.com/saddamsheikh01","followers_url":"https://api.github.com/users/saddamsheikh01/followers","following_url":"https://api.github.com/users/saddamsheikh01/following{/other_user}","gists_url":"https://api.github.com/users/saddamsheikh01/gists{/gist_id}","starred_url":"https://api.github.com/users/saddamsheikh01/starred{/owner}{/repo}","subscriptions_url":"https://api.github.com/users/saddamsheikh01/subscriptions","organizations_url":"https://api.github.com/users/saddamsheikh01/orgs","repos_url":"https://api.github.com/users/saddamsheikh01/repos","events_url":"https://api.github.com/users/saddamsheikh01/events{/privacy}","received_events_url":"https://api.github.com/users/saddamsheikh01/received_events","type":"User","site_admin":false,"name":"saddamsheikh","company":null,"blog":"","location":null,"email":null,"hireable":null,"bio":"I am a frontend web devloper\r\n","twitter_username":null,"notification_email":null,"public_repos":7,"public_gists":0,"followers":0,"following":1,"created_at":"2024-03-16T16:54:42Z","updated_at":"2024-08-20T20:23:57Z","private_gists":0,"total_private_repos":1,"owned_private_repos":1,"disk_usage":12907,"collaborators":0,"two_factor_authentication":false,"plan":{"name":"free","space":976562499,"collaborators":0,"private_repos":10000}}
[info] 
[info] +  Success! Logged into GitHub as saddamsheikh01 
[info] 
[debug] [2024-09-03T17:29:57.825Z] >>> [apiv2][query] GET https://api.github.com/repos//actions/secrets/public-key type=owner
[debug] [2024-09-03T17:29:58.432Z] <<< [apiv2][status] GET https://api.github.com/repos//actions/secrets/public-key 404
[debug] [2024-09-03T17:29:58.433Z] <<< [apiv2][body] GET https://api.github.com/repos//actions/secrets/public-key {"message":"Not Found","documentation_url":"https://docs.github.com/rest","status":"404"}
[info] 
[info] 
[error] !  The provided authorization cannot be used with this repository. If this repository is in an organization, did you remember to grant access? 
[info] 
[info] i  Action required: Visit this URL to ensure access has been granted to the appropriate organization(s) for the Firebase CLI GitHub OAuth App: 
[info] https://github.com/settings/connections/applications/89cf50f02ac6aaed3484
[info] 
[debug] [2024-09-03T17:30:05.286Z] >>> [apiv2][query] GET https://api.github.com/repos//actions/secrets/public-key type=owner
[debug] [2024-09-03T17:30:05.896Z] <<< [apiv2][status] GET https://api.github.com/repos//actions/secrets/public-key 404
[debug] [2024-09-03T17:30:05.896Z] <<< [apiv2][body] GET https://api.github.com/repos//actions/secrets/public-key {"message":"Not Found","documentation_url":"https://docs.github.com/rest","status":"404"}
[info] 
[info] 
[error] !  The provided authorization cannot be used with this repository. If this repository is in an organization, did you remember to grant access? 
[info] 
[info] i  Action required: Visit this URL to ensure access has been granted to the appropriate organization(s) for the Firebase CLI GitHub OAuth App: 
[info] https://github.com/settings/connections/applications/89cf50f02ac6aaed3484
[info] 
